<?xml version="1.0" encoding="UTF-8"?>
<coverage line-rate="0.734" lines-valid="2510" lines-covered="1842" version="1.0" timestamp="1715000000">
  <packages>
    <package name="MyApp" line-rate="0.734">
      <classes>
        <class name="MyApp.Core" filename="source/MyApp.Core.pas" line-rate="0.80">
          <lines>
            <line number="10" hits="1"/>
            <line number="11" hits="1"/>
            <line number="12" hits="0"/>
          </lines>
        </class>
      </classes>
    </package>
  </packages>
</coverage>
